0 info it worked if it ends with ok
1 verbose cli [ '/Users/bryan/.nvm/versions/node/v6.11.2/bin/node',
1 verbose cli   '/Users/bryan/.nvm/versions/node/v6.11.2/bin/npm',
1 verbose cli   'run',
1 verbose cli   'lint' ]
2 info using npm@3.10.10
3 info using node@v6.11.2
4 verbose run-script [ 'prelint', 'lint', 'postlint' ]
5 info lifecycle bombadil@~prelint: bombadil@
6 silly lifecycle bombadil@~prelint: no script for prelint, continuing
7 info lifecycle bombadil@~lint: bombadil@
8 verbose lifecycle bombadil@~lint: unsafe-perm in lifecycle true
9 verbose lifecycle bombadil@~lint: PATH: /Users/bryan/.nvm/versions/node/v6.11.2/lib/node_modules/npm/bin/node-gyp-bin:/Users/bryan/Sites/pbj/wp-content/themes/bombadil/node_modules/.bin:/usr/local/opt/qt@5.5/bin:/Users/bryan/.rbenv/shims:/Users/bryan/.nvm/versions/node/v6.11.2/bin:/Users/bryan/bin:/usr/local/bin:/usr/bin:/bin:/usr/sbin:/sbin
10 verbose lifecycle bombadil@~lint: CWD: /Users/bryan/Sites/pbj/wp-content/themes/bombadil
11 silly lifecycle bombadil@~lint: Args: [ '-c',
11 silly lifecycle   'node_modules/stylelint/bin/stylelint.js \'**/*.scss\' --syntax scss' ]
12 info lifecycle bombadil@~lint: Failed to exec lint script
13 verbose stack Error: bombadil@ lint: `node_modules/stylelint/bin/stylelint.js '**/*.scss' --syntax scss`
13 verbose stack spawn ENOENT
13 verbose stack     at ChildProcess.<anonymous> (/Users/bryan/.nvm/versions/node/v6.11.2/lib/node_modules/npm/lib/utils/spawn.js:33:16)
13 verbose stack     at emitTwo (events.js:106:13)
13 verbose stack     at ChildProcess.emit (events.js:191:7)
13 verbose stack     at maybeClose (internal/child_process.js:891:16)
13 verbose stack     at Process.ChildProcess._handle.onexit (internal/child_process.js:226:5)
14 verbose pkgid bombadil@
15 verbose cwd /Users/bryan/Sites/pbj/wp-content/themes/bombadil
16 error Darwin 16.7.0
17 error argv "/Users/bryan/.nvm/versions/node/v6.11.2/bin/node" "/Users/bryan/.nvm/versions/node/v6.11.2/bin/npm" "run" "lint"
18 error node v6.11.2
19 error npm  v3.10.10
20 error file sh
21 error code ELIFECYCLE
22 error errno ENOENT
23 error syscall spawn
24 error bombadil@ lint: `node_modules/stylelint/bin/stylelint.js '**/*.scss' --syntax scss`
24 error spawn ENOENT
25 error Failed at the bombadil@ lint script 'node_modules/stylelint/bin/stylelint.js '**/*.scss' --syntax scss'.
25 error Make sure you have the latest version of node.js and npm installed.
25 error If you do, this is most likely a problem with the bombadil package,
25 error not with npm itself.
25 error Tell the author that this fails on your system:
25 error     node_modules/stylelint/bin/stylelint.js '**/*.scss' --syntax scss
25 error You can get information on how to open an issue for this project with:
25 error     npm bugs bombadil
25 error Or if that isn't available, you can get their info via:
25 error     npm owner ls bombadil
25 error There is likely additional logging output above.
26 verbose exit [ 1, true ]
